2017-10-12 14:34:46,948 - Log4JLogChute initialized using file 'velocity.log'
2017-10-12 14:34:46,949 - Initializing Velocity, Calling init()...
2017-10-12 14:34:46,949 - Starting Apache Velocity v1.7 (compiled: 2010-11-19 12:14:37)
2017-10-12 14:34:46,949 - Default Properties File: org\apache\velocity\runtime\defaults\velocity.properties
2017-10-12 14:34:46,949 - Trying to use logger class org.apache.velocity.runtime.log.AvalonLogChute
2017-10-12 14:34:46,949 - Target log system for org.apache.velocity.runtime.log.AvalonLogChute is not available (java.lang.NoClassDefFoundError: org/apache/log/format/Formatter).  Falling back to next log system...
2017-10-12 14:34:46,949 - Trying to use logger class org.apache.velocity.runtime.log.Log4JLogChute
2017-10-12 14:34:46,949 - Using logger class org.apache.velocity.runtime.log.Log4JLogChute
2017-10-12 14:34:46,956 - ResourceLoader instantiated: org.apache.velocity.runtime.resource.loader.FileResourceLoader
2017-10-12 14:34:46,957 - Do unicode file recognition:  false
2017-10-12 14:34:46,957 - FileResourceLoader : adding path '.'
2017-10-12 14:34:46,965 - ResourceCache: initialized (class org.apache.velocity.runtime.resource.ResourceCacheImpl) with class java.util.Collections$SynchronizedMap cache map.
2017-10-12 14:34:46,966 - Loaded System Directive: org.apache.velocity.runtime.directive.Stop
2017-10-12 14:34:46,967 - Loaded System Directive: org.apache.velocity.runtime.directive.Define
2017-10-12 14:34:46,968 - Loaded System Directive: org.apache.velocity.runtime.directive.Break
2017-10-12 14:34:46,968 - Loaded System Directive: org.apache.velocity.runtime.directive.Evaluate
2017-10-12 14:34:46,969 - Loaded System Directive: org.apache.velocity.runtime.directive.Literal
2017-10-12 14:34:46,970 - Loaded System Directive: org.apache.velocity.runtime.directive.Macro
2017-10-12 14:34:46,971 - Loaded System Directive: org.apache.velocity.runtime.directive.Parse
2017-10-12 14:34:46,971 - Loaded System Directive: org.apache.velocity.runtime.directive.Include
2017-10-12 14:34:46,972 - Loaded System Directive: org.apache.velocity.runtime.directive.Foreach
2017-10-12 14:34:46,992 - Created '20' parsers.
2017-10-12 14:34:46,999 - Velocimacro : "velocimacro.library" is not set.  Trying default library: VM_global_library.vm
2017-10-12 14:34:46,999 - Velocimacro : Default library not found.
2017-10-12 14:34:46,999 - Velocimacro : allowInline = true : VMs can be defined inline in templates
2017-10-12 14:34:46,999 - Velocimacro : allowInlineToOverride = false : VMs defined inline may NOT replace previous VM definitions
2017-10-12 14:34:46,999 - Velocimacro : allowInlineLocal = false : VMs defined inline will be global in scope if allowed.
2017-10-12 14:34:46,999 - Velocimacro : autoload off : VM system will not automatically reload global library macros
2017-10-12 14:34:47,017 - ResourceManager : unable to find resource 'templates/RedisAlertTemplate.vm' in any resource loader.
2017-10-12 14:35:17,820 - Log4JLogChute initialized using file 'velocity.log'
2017-10-12 14:35:17,820 - Initializing Velocity, Calling init()...
2017-10-12 14:35:17,820 - Starting Apache Velocity v1.7 (compiled: 2010-11-19 12:14:37)
2017-10-12 14:35:17,820 - Default Properties File: org\apache\velocity\runtime\defaults\velocity.properties
2017-10-12 14:35:17,820 - Trying to use logger class org.apache.velocity.runtime.log.AvalonLogChute
2017-10-12 14:35:17,820 - Target log system for org.apache.velocity.runtime.log.AvalonLogChute is not available (java.lang.NoClassDefFoundError: org/apache/log/format/Formatter).  Falling back to next log system...
2017-10-12 14:35:17,820 - Trying to use logger class org.apache.velocity.runtime.log.Log4JLogChute
2017-10-12 14:35:17,820 - Using logger class org.apache.velocity.runtime.log.Log4JLogChute
2017-10-12 14:35:17,827 - ResourceLoader instantiated: org.apache.velocity.runtime.resource.loader.FileResourceLoader
2017-10-12 14:35:17,828 - Do unicode file recognition:  false
2017-10-12 14:35:17,828 - FileResourceLoader : adding path '.'
2017-10-12 14:35:17,838 - ResourceCache: initialized (class org.apache.velocity.runtime.resource.ResourceCacheImpl) with class java.util.Collections$SynchronizedMap cache map.
2017-10-12 14:35:17,840 - Loaded System Directive: org.apache.velocity.runtime.directive.Stop
2017-10-12 14:35:17,842 - Loaded System Directive: org.apache.velocity.runtime.directive.Define
2017-10-12 14:35:17,842 - Loaded System Directive: org.apache.velocity.runtime.directive.Break
2017-10-12 14:35:17,843 - Loaded System Directive: org.apache.velocity.runtime.directive.Evaluate
2017-10-12 14:35:17,843 - Loaded System Directive: org.apache.velocity.runtime.directive.Literal
2017-10-12 14:35:17,844 - Loaded System Directive: org.apache.velocity.runtime.directive.Macro
2017-10-12 14:35:17,845 - Loaded System Directive: org.apache.velocity.runtime.directive.Parse
2017-10-12 14:35:17,846 - Loaded System Directive: org.apache.velocity.runtime.directive.Include
2017-10-12 14:35:17,847 - Loaded System Directive: org.apache.velocity.runtime.directive.Foreach
2017-10-12 14:35:17,869 - Created '20' parsers.
2017-10-12 14:35:17,875 - Velocimacro : "velocimacro.library" is not set.  Trying default library: VM_global_library.vm
2017-10-12 14:35:17,875 - Velocimacro : Default library not found.
2017-10-12 14:35:17,876 - Velocimacro : allowInline = true : VMs can be defined inline in templates
2017-10-12 14:35:17,876 - Velocimacro : allowInlineToOverride = false : VMs defined inline may NOT replace previous VM definitions
2017-10-12 14:35:17,876 - Velocimacro : allowInlineLocal = false : VMs defined inline will be global in scope if allowed.
2017-10-12 14:35:17,876 - Velocimacro : autoload off : VM system will not automatically reload global library macros
2017-10-12 14:35:17,895 - ResourceManager : unable to find resource 'resources/templates/RedisAlertTemplate.vm' in any resource loader.
2017-10-12 14:35:29,910 - Log4JLogChute initialized using file 'velocity.log'
2017-10-12 14:35:29,910 - Initializing Velocity, Calling init()...
2017-10-12 14:35:29,910 - Starting Apache Velocity v1.7 (compiled: 2010-11-19 12:14:37)
2017-10-12 14:35:29,910 - Default Properties File: org\apache\velocity\runtime\defaults\velocity.properties
2017-10-12 14:35:29,910 - Trying to use logger class org.apache.velocity.runtime.log.AvalonLogChute
2017-10-12 14:35:29,910 - Target log system for org.apache.velocity.runtime.log.AvalonLogChute is not available (java.lang.NoClassDefFoundError: org/apache/log/format/Formatter).  Falling back to next log system...
2017-10-12 14:35:29,910 - Trying to use logger class org.apache.velocity.runtime.log.Log4JLogChute
2017-10-12 14:35:29,910 - Using logger class org.apache.velocity.runtime.log.Log4JLogChute
2017-10-12 14:35:29,914 - ResourceLoader instantiated: org.apache.velocity.runtime.resource.loader.FileResourceLoader
2017-10-12 14:35:29,915 - Do unicode file recognition:  false
2017-10-12 14:35:29,915 - FileResourceLoader : adding path '.'
2017-10-12 14:35:29,924 - ResourceCache: initialized (class org.apache.velocity.runtime.resource.ResourceCacheImpl) with class java.util.Collections$SynchronizedMap cache map.
2017-10-12 14:35:29,925 - Loaded System Directive: org.apache.velocity.runtime.directive.Stop
2017-10-12 14:35:29,926 - Loaded System Directive: org.apache.velocity.runtime.directive.Define
2017-10-12 14:35:29,926 - Loaded System Directive: org.apache.velocity.runtime.directive.Break
2017-10-12 14:35:29,927 - Loaded System Directive: org.apache.velocity.runtime.directive.Evaluate
2017-10-12 14:35:29,927 - Loaded System Directive: org.apache.velocity.runtime.directive.Literal
2017-10-12 14:35:29,928 - Loaded System Directive: org.apache.velocity.runtime.directive.Macro
2017-10-12 14:35:29,929 - Loaded System Directive: org.apache.velocity.runtime.directive.Parse
2017-10-12 14:35:29,929 - Loaded System Directive: org.apache.velocity.runtime.directive.Include
2017-10-12 14:35:29,930 - Loaded System Directive: org.apache.velocity.runtime.directive.Foreach
2017-10-12 14:35:29,952 - Created '20' parsers.
2017-10-12 14:35:29,958 - Velocimacro : "velocimacro.library" is not set.  Trying default library: VM_global_library.vm
2017-10-12 14:35:29,958 - Velocimacro : Default library not found.
2017-10-12 14:35:29,958 - Velocimacro : allowInline = true : VMs can be defined inline in templates
2017-10-12 14:35:29,958 - Velocimacro : allowInlineToOverride = false : VMs defined inline may NOT replace previous VM definitions
2017-10-12 14:35:29,958 - Velocimacro : allowInlineLocal = false : VMs defined inline will be global in scope if allowed.
2017-10-12 14:35:29,958 - Velocimacro : autoload off : VM system will not automatically reload global library macros
2017-10-12 14:35:29,976 - ResourceManager : unable to find resource 'templates/RedisAlertTemplate.vm' in any resource loader.
2017-10-12 14:35:40,992 - Log4JLogChute initialized using file 'velocity.log'
2017-10-12 14:35:40,993 - Initializing Velocity, Calling init()...
2017-10-12 14:35:40,993 - Starting Apache Velocity v1.7 (compiled: 2010-11-19 12:14:37)
2017-10-12 14:35:40,993 - Default Properties File: org\apache\velocity\runtime\defaults\velocity.properties
2017-10-12 14:35:40,993 - Trying to use logger class org.apache.velocity.runtime.log.AvalonLogChute
2017-10-12 14:35:40,993 - Target log system for org.apache.velocity.runtime.log.AvalonLogChute is not available (java.lang.NoClassDefFoundError: org/apache/log/format/Formatter).  Falling back to next log system...
2017-10-12 14:35:40,993 - Trying to use logger class org.apache.velocity.runtime.log.Log4JLogChute
2017-10-12 14:35:40,993 - Using logger class org.apache.velocity.runtime.log.Log4JLogChute
2017-10-12 14:35:41,000 - ResourceLoader instantiated: org.apache.velocity.runtime.resource.loader.FileResourceLoader
2017-10-12 14:35:41,001 - Do unicode file recognition:  false
2017-10-12 14:35:41,006 - FileResourceLoader : adding path '.'
2017-10-12 14:35:41,014 - ResourceCache: initialized (class org.apache.velocity.runtime.resource.ResourceCacheImpl) with class java.util.Collections$SynchronizedMap cache map.
2017-10-12 14:35:41,015 - Loaded System Directive: org.apache.velocity.runtime.directive.Stop
2017-10-12 14:35:41,016 - Loaded System Directive: org.apache.velocity.runtime.directive.Define
2017-10-12 14:35:41,016 - Loaded System Directive: org.apache.velocity.runtime.directive.Break
2017-10-12 14:35:41,017 - Loaded System Directive: org.apache.velocity.runtime.directive.Evaluate
2017-10-12 14:35:41,017 - Loaded System Directive: org.apache.velocity.runtime.directive.Literal
2017-10-12 14:35:41,018 - Loaded System Directive: org.apache.velocity.runtime.directive.Macro
2017-10-12 14:35:41,019 - Loaded System Directive: org.apache.velocity.runtime.directive.Parse
2017-10-12 14:35:41,020 - Loaded System Directive: org.apache.velocity.runtime.directive.Include
2017-10-12 14:35:41,020 - Loaded System Directive: org.apache.velocity.runtime.directive.Foreach
2017-10-12 14:35:41,041 - Created '20' parsers.
2017-10-12 14:35:41,046 - Velocimacro : "velocimacro.library" is not set.  Trying default library: VM_global_library.vm
2017-10-12 14:35:41,046 - Velocimacro : Default library not found.
2017-10-12 14:35:41,046 - Velocimacro : allowInline = true : VMs can be defined inline in templates
2017-10-12 14:35:41,046 - Velocimacro : allowInlineToOverride = false : VMs defined inline may NOT replace previous VM definitions
2017-10-12 14:35:41,046 - Velocimacro : allowInlineLocal = false : VMs defined inline will be global in scope if allowed.
2017-10-12 14:35:41,046 - Velocimacro : autoload off : VM system will not automatically reload global library macros
2017-10-12 14:35:41,064 - FileResourceLoader : File resource error : argument null contains .. and may be trying to access content outside of template root.  Rejected.
2017-10-12 14:35:41,065 - ResourceManager : unable to find resource '../templates/RedisAlertTemplate.vm' in any resource loader.
